2021/06/30 12:24:38 [emerg] 1#1: host not found in upstream "websockets" in /etc/nginx/conf.d/app.conf:20
2021/06/30 12:24:39 [emerg] 1#1: host not found in upstream "websockets" in /etc/nginx/conf.d/app.conf:20
2021/06/30 12:24:40 [emerg] 1#1: host not found in upstream "websockets" in /etc/nginx/conf.d/app.conf:20
2021/06/30 12:24:41 [emerg] 1#1: host not found in upstream "websockets" in /etc/nginx/conf.d/app.conf:20
2021/06/30 12:24:43 [emerg] 1#1: host not found in upstream "websockets" in /etc/nginx/conf.d/app.conf:20
2021/06/30 12:24:45 [emerg] 1#1: host not found in upstream "websockets" in /etc/nginx/conf.d/app.conf:20
2021/06/30 12:24:49 [emerg] 1#1: host not found in upstream "websockets" in /etc/nginx/conf.d/app.conf:20
2021/06/30 12:24:56 [emerg] 1#1: host not found in upstream "websockets" in /etc/nginx/conf.d/app.conf:20
2021/06/30 12:25:10 [emerg] 1#1: host not found in upstream "websockets" in /etc/nginx/conf.d/app.conf:20
2021/06/30 12:25:36 [emerg] 1#1: host not found in upstream "websockets" in /etc/nginx/conf.d/app.conf:20
2021/06/30 12:26:27 [emerg] 1#1: host not found in upstream "websockets" in /etc/nginx/conf.d/app.conf:20
2021/06/30 12:27:28 [emerg] 1#1: host not found in upstream "websockets" in /etc/nginx/conf.d/app.conf:20
2021/06/30 12:28:28 [emerg] 1#1: host not found in upstream "websockets" in /etc/nginx/conf.d/app.conf:20
2021/06/30 12:29:29 [emerg] 1#1: host not found in upstream "websockets" in /etc/nginx/conf.d/app.conf:20
2021/06/30 12:30:29 [emerg] 1#1: host not found in upstream "websockets" in /etc/nginx/conf.d/app.conf:20
2021/06/30 12:31:29 [emerg] 1#1: host not found in upstream "websockets" in /etc/nginx/conf.d/app.conf:20
2021/06/30 12:32:30 [emerg] 1#1: host not found in upstream "websockets" in /etc/nginx/conf.d/app.conf:20
2021/06/30 12:33:30 [emerg] 1#1: host not found in upstream "websockets" in /etc/nginx/conf.d/app.conf:20
2021/06/30 12:34:31 [emerg] 1#1: host not found in upstream "websockets" in /etc/nginx/conf.d/app.conf:20
2021/06/30 12:35:31 [emerg] 1#1: host not found in upstream "websockets" in /etc/nginx/conf.d/app.conf:20
2021/06/30 12:36:32 [emerg] 1#1: host not found in upstream "websockets" in /etc/nginx/conf.d/app.conf:20
2021/06/30 12:37:32 [emerg] 1#1: host not found in upstream "websockets" in /etc/nginx/conf.d/app.conf:20
2021/06/30 12:38:32 [emerg] 1#1: host not found in upstream "websockets" in /etc/nginx/conf.d/app.conf:20
2021/06/30 12:39:33 [emerg] 1#1: host not found in upstream "websockets" in /etc/nginx/conf.d/app.conf:20
2021/06/30 12:40:33 [emerg] 1#1: host not found in upstream "websockets" in /etc/nginx/conf.d/app.conf:20
2021/06/30 12:41:34 [emerg] 1#1: host not found in upstream "websockets" in /etc/nginx/conf.d/app.conf:20
2021/06/30 12:42:34 [emerg] 1#1: host not found in upstream "websockets" in /etc/nginx/conf.d/app.conf:20
2021/06/30 12:43:34 [emerg] 1#1: host not found in upstream "websockets" in /etc/nginx/conf.d/app.conf:20
2021/06/30 12:44:35 [emerg] 1#1: host not found in upstream "websockets" in /etc/nginx/conf.d/app.conf:20
2021/06/30 12:45:35 [emerg] 1#1: host not found in upstream "websockets" in /etc/nginx/conf.d/app.conf:20
2021/06/30 12:46:36 [emerg] 1#1: host not found in upstream "websockets" in /etc/nginx/conf.d/app.conf:20
2021/06/30 12:47:36 [emerg] 1#1: host not found in upstream "websockets" in /etc/nginx/conf.d/app.conf:20
2021/06/30 12:48:37 [emerg] 1#1: host not found in upstream "websockets" in /etc/nginx/conf.d/app.conf:20
2021/06/30 12:49:37 [emerg] 1#1: host not found in upstream "websockets" in /etc/nginx/conf.d/app.conf:20
2021/06/30 12:50:38 [emerg] 1#1: host not found in upstream "websockets" in /etc/nginx/conf.d/app.conf:20
2021/06/30 12:51:38 [emerg] 1#1: host not found in upstream "websockets" in /etc/nginx/conf.d/app.conf:20
2021/06/30 12:52:39 [emerg] 1#1: host not found in upstream "websockets" in /etc/nginx/conf.d/app.conf:20
2021/06/30 12:53:39 [emerg] 1#1: host not found in upstream "websockets" in /etc/nginx/conf.d/app.conf:20
2021/06/30 12:54:40 [emerg] 1#1: host not found in upstream "websockets" in /etc/nginx/conf.d/app.conf:20
2021/06/30 12:55:40 [emerg] 1#1: host not found in upstream "websockets" in /etc/nginx/conf.d/app.conf:20
2021/06/30 12:56:40 [emerg] 1#1: host not found in upstream "websockets" in /etc/nginx/conf.d/app.conf:20
2021/06/30 12:57:41 [emerg] 1#1: host not found in upstream "websockets" in /etc/nginx/conf.d/app.conf:20
2021/06/30 12:58:41 [emerg] 1#1: host not found in upstream "websockets" in /etc/nginx/conf.d/app.conf:20
2021/06/30 12:59:42 [emerg] 1#1: host not found in upstream "websockets" in /etc/nginx/conf.d/app.conf:20
2021/06/30 13:00:42 [emerg] 1#1: host not found in upstream "websockets" in /etc/nginx/conf.d/app.conf:20
2021/06/30 13:01:42 [emerg] 1#1: host not found in upstream "websockets" in /etc/nginx/conf.d/app.conf:20
2021/06/30 13:02:43 [emerg] 1#1: host not found in upstream "websockets" in /etc/nginx/conf.d/app.conf:20
2021/06/30 13:03:43 [emerg] 1#1: host not found in upstream "websockets" in /etc/nginx/conf.d/app.conf:20
2021/06/30 13:04:44 [emerg] 1#1: host not found in upstream "websockets" in /etc/nginx/conf.d/app.conf:20
2021/06/30 13:05:44 [emerg] 1#1: host not found in upstream "websockets" in /etc/nginx/conf.d/app.conf:20
2021/06/30 13:06:45 [emerg] 1#1: host not found in upstream "websockets" in /etc/nginx/conf.d/app.conf:20
2021/06/30 13:07:45 [emerg] 1#1: host not found in upstream "websockets" in /etc/nginx/conf.d/app.conf:20
2021/06/30 13:08:45 [emerg] 1#1: host not found in upstream "websockets" in /etc/nginx/conf.d/app.conf:20
2021/06/30 13:09:46 [emerg] 1#1: host not found in upstream "websockets" in /etc/nginx/conf.d/app.conf:20
2021/06/30 13:10:46 [emerg] 1#1: host not found in upstream "websockets" in /etc/nginx/conf.d/app.conf:20
2021/06/30 13:11:47 [emerg] 1#1: host not found in upstream "websockets" in /etc/nginx/conf.d/app.conf:20
2021/06/30 13:12:47 [emerg] 1#1: host not found in upstream "websockets" in /etc/nginx/conf.d/app.conf:20
2021/06/30 13:13:47 [emerg] 1#1: host not found in upstream "websockets" in /etc/nginx/conf.d/app.conf:20
2021/06/30 13:14:48 [emerg] 1#1: host not found in upstream "websockets" in /etc/nginx/conf.d/app.conf:20
2021/06/30 13:15:48 [emerg] 1#1: host not found in upstream "websockets" in /etc/nginx/conf.d/app.conf:20
2021/06/30 13:16:49 [emerg] 1#1: host not found in upstream "websockets" in /etc/nginx/conf.d/app.conf:20
2021/06/30 13:17:49 [emerg] 1#1: host not found in upstream "websockets" in /etc/nginx/conf.d/app.conf:20
2021/06/30 13:18:49 [emerg] 1#1: host not found in upstream "websockets" in /etc/nginx/conf.d/app.conf:20
2021/06/30 13:19:50 [emerg] 1#1: host not found in upstream "websockets" in /etc/nginx/conf.d/app.conf:20
2021/06/30 13:20:55 [emerg] 1#1: host not found in upstream "websockets" in /etc/nginx/conf.d/app.conf:20
2021/06/30 13:51:47 [emerg] 1#1: host not found in upstream "websockets" in /etc/nginx/conf.d/app.conf:20
2021/06/30 14:08:50 [emerg] 1#1: host not found in upstream "websockets" in /etc/nginx/conf.d/app.conf:20
2021/06/30 14:29:53 [emerg] 1#1: host not found in upstream "websockets" in /etc/nginx/conf.d/app.conf:20
2021/06/30 14:52:12 [emerg] 1#1: host not found in upstream "websockets" in /etc/nginx/conf.d/app.conf:20
2021/06/30 14:53:13 [emerg] 1#1: host not found in upstream "websockets" in /etc/nginx/conf.d/app.conf:20
2021/06/30 14:54:16 [emerg] 1#1: host not found in upstream "websockets" in /etc/nginx/conf.d/app.conf:20
2021/06/30 14:55:17 [emerg] 1#1: host not found in upstream "websockets" in /etc/nginx/conf.d/app.conf:20
2021/06/30 14:56:17 [emerg] 1#1: host not found in upstream "websockets" in /etc/nginx/conf.d/app.conf:20
2021/06/30 14:57:17 [emerg] 1#1: host not found in upstream "websockets" in /etc/nginx/conf.d/app.conf:20
2021/06/30 15:26:38 [emerg] 1#1: host not found in upstream "websockets" in /etc/nginx/conf.d/app.conf:20
2021/06/30 15:27:38 [emerg] 1#1: host not found in upstream "websockets" in /etc/nginx/conf.d/app.conf:20
2021/06/30 15:28:39 [emerg] 1#1: host not found in upstream "websockets" in /etc/nginx/conf.d/app.conf:20
2021/06/30 15:30:53 [emerg] 1#1: host not found in upstream "websockets" in /etc/nginx/conf.d/app.conf:20
2021/06/30 15:40:37 [emerg] 1#1: host not found in upstream "websockets" in /etc/nginx/conf.d/app.conf:20
2021/06/30 15:41:37 [emerg] 1#1: host not found in upstream "websockets" in /etc/nginx/conf.d/app.conf:20
2021/06/30 15:42:39 [emerg] 1#1: host not found in upstream "websockets" in /etc/nginx/conf.d/app.conf:20
2021/06/30 16:02:48 [emerg] 1#1: host not found in upstream "websockets" in /etc/nginx/conf.d/app.conf:20
2021/06/30 16:03:49 [emerg] 1#1: host not found in upstream "websockets" in /etc/nginx/conf.d/app.conf:20
2021/06/30 16:04:50 [emerg] 1#1: host not found in upstream "websockets" in /etc/nginx/conf.d/app.conf:20
2021/06/30 16:05:50 [emerg] 1#1: host not found in upstream "websockets" in /etc/nginx/conf.d/app.conf:20
2021/06/30 16:06:50 [emerg] 1#1: host not found in upstream "websockets" in /etc/nginx/conf.d/app.conf:20
2021/06/30 16:07:51 [emerg] 1#1: host not found in upstream "websockets" in /etc/nginx/conf.d/app.conf:20
2021/06/30 16:08:51 [emerg] 1#1: host not found in upstream "websockets" in /etc/nginx/conf.d/app.conf:20
2021/06/30 16:09:51 [emerg] 1#1: host not found in upstream "websockets" in /etc/nginx/conf.d/app.conf:20
2021/06/30 16:10:52 [emerg] 1#1: host not found in upstream "websockets" in /etc/nginx/conf.d/app.conf:20
2021/06/30 16:11:52 [emerg] 1#1: host not found in upstream "websockets" in /etc/nginx/conf.d/app.conf:20
2021/06/30 16:12:53 [emerg] 1#1: host not found in upstream "websockets" in /etc/nginx/conf.d/app.conf:20
2021/06/30 16:13:53 [emerg] 1#1: host not found in upstream "websockets" in /etc/nginx/conf.d/app.conf:20
2021/06/30 16:14:53 [emerg] 1#1: host not found in upstream "websockets" in /etc/nginx/conf.d/app.conf:20
2021/06/30 16:15:54 [emerg] 1#1: host not found in upstream "websockets" in /etc/nginx/conf.d/app.conf:20
2021/06/30 16:16:54 [emerg] 1#1: host not found in upstream "websockets" in /etc/nginx/conf.d/app.conf:20
2021/06/30 16:17:55 [emerg] 1#1: host not found in upstream "websockets" in /etc/nginx/conf.d/app.conf:20
2021/06/30 16:18:55 [emerg] 1#1: host not found in upstream "websockets" in /etc/nginx/conf.d/app.conf:20
2021/06/30 16:19:55 [emerg] 1#1: host not found in upstream "websockets" in /etc/nginx/conf.d/app.conf:20
2021/06/30 16:20:56 [emerg] 1#1: host not found in upstream "websockets" in /etc/nginx/conf.d/app.conf:20
2021/06/30 16:21:56 [emerg] 1#1: host not found in upstream "websockets" in /etc/nginx/conf.d/app.conf:20
2021/06/30 16:22:56 [emerg] 1#1: host not found in upstream "websockets" in /etc/nginx/conf.d/app.conf:20
2021/06/30 16:23:57 [emerg] 1#1: host not found in upstream "websockets" in /etc/nginx/conf.d/app.conf:20
2021/06/30 16:24:57 [emerg] 1#1: host not found in upstream "websockets" in /etc/nginx/conf.d/app.conf:20
2021/06/30 16:25:58 [emerg] 1#1: host not found in upstream "websockets" in /etc/nginx/conf.d/app.conf:20
2021/06/30 16:26:58 [emerg] 1#1: host not found in upstream "websockets" in /etc/nginx/conf.d/app.conf:20
2021/06/30 16:27:58 [emerg] 1#1: host not found in upstream "websockets" in /etc/nginx/conf.d/app.conf:20
2021/06/30 16:28:59 [emerg] 1#1: host not found in upstream "websockets" in /etc/nginx/conf.d/app.conf:20
2021/06/30 16:29:59 [emerg] 1#1: host not found in upstream "websockets" in /etc/nginx/conf.d/app.conf:20
2021/06/30 16:31:00 [emerg] 1#1: host not found in upstream "websockets" in /etc/nginx/conf.d/app.conf:20
2021/06/30 16:32:00 [emerg] 1#1: host not found in upstream "websockets" in /etc/nginx/conf.d/app.conf:20
2021/06/30 16:33:00 [emerg] 1#1: host not found in upstream "websockets" in /etc/nginx/conf.d/app.conf:20
2021/06/30 16:34:01 [emerg] 1#1: host not found in upstream "websockets" in /etc/nginx/conf.d/app.conf:20
2021/06/30 16:35:01 [emerg] 1#1: host not found in upstream "websockets" in /etc/nginx/conf.d/app.conf:20
2021/06/30 16:36:01 [emerg] 1#1: host not found in upstream "websockets" in /etc/nginx/conf.d/app.conf:20
2021/06/30 16:37:02 [emerg] 1#1: host not found in upstream "websockets" in /etc/nginx/conf.d/app.conf:20
2021/06/30 16:38:02 [emerg] 1#1: host not found in upstream "websockets" in /etc/nginx/conf.d/app.conf:20
2021/06/30 16:39:03 [emerg] 1#1: host not found in upstream "websockets" in /etc/nginx/conf.d/app.conf:20
2021/06/30 16:40:03 [emerg] 1#1: host not found in upstream "websockets" in /etc/nginx/conf.d/app.conf:20
2021/06/30 16:41:04 [emerg] 1#1: host not found in upstream "websockets" in /etc/nginx/conf.d/app.conf:20
2021/06/30 16:42:04 [emerg] 1#1: host not found in upstream "websockets" in /etc/nginx/conf.d/app.conf:20
2021/06/30 16:43:04 [emerg] 1#1: host not found in upstream "websockets" in /etc/nginx/conf.d/app.conf:20
2021/06/30 16:44:05 [emerg] 1#1: host not found in upstream "websockets" in /etc/nginx/conf.d/app.conf:20
2021/06/30 16:45:05 [emerg] 1#1: host not found in upstream "websockets" in /etc/nginx/conf.d/app.conf:20
2021/06/30 16:46:06 [emerg] 1#1: host not found in upstream "websockets" in /etc/nginx/conf.d/app.conf:20
2021/06/30 16:47:06 [emerg] 1#1: host not found in upstream "websockets" in /etc/nginx/conf.d/app.conf:20
2021/06/30 16:48:07 [emerg] 1#1: host not found in upstream "websockets" in /etc/nginx/conf.d/app.conf:20
2021/06/30 16:49:07 [emerg] 1#1: host not found in upstream "websockets" in /etc/nginx/conf.d/app.conf:20
2021/06/30 16:50:07 [emerg] 1#1: host not found in upstream "websockets" in /etc/nginx/conf.d/app.conf:20
2021/06/30 16:51:08 [emerg] 1#1: host not found in upstream "websockets" in /etc/nginx/conf.d/app.conf:20
2021/06/30 16:52:08 [emerg] 1#1: host not found in upstream "websockets" in /etc/nginx/conf.d/app.conf:20
2021/06/30 16:53:08 [emerg] 1#1: host not found in upstream "websockets" in /etc/nginx/conf.d/app.conf:20
2021/06/30 16:54:09 [emerg] 1#1: host not found in upstream "websockets" in /etc/nginx/conf.d/app.conf:20
2021/06/30 16:55:09 [emerg] 1#1: host not found in upstream "websockets" in /etc/nginx/conf.d/app.conf:20
2021/06/30 16:56:10 [emerg] 1#1: host not found in upstream "websockets" in /etc/nginx/conf.d/app.conf:20
2021/06/30 16:57:10 [emerg] 1#1: host not found in upstream "websockets" in /etc/nginx/conf.d/app.conf:20
2021/06/30 16:58:10 [emerg] 1#1: host not found in upstream "websockets" in /etc/nginx/conf.d/app.conf:20
2021/06/30 16:59:11 [emerg] 1#1: host not found in upstream "websockets" in /etc/nginx/conf.d/app.conf:20
2021/06/30 17:00:11 [emerg] 1#1: host not found in upstream "websockets" in /etc/nginx/conf.d/app.conf:20
2021/06/30 17:01:11 [emerg] 1#1: host not found in upstream "websockets" in /etc/nginx/conf.d/app.conf:20
2021/06/30 17:02:12 [emerg] 1#1: host not found in upstream "websockets" in /etc/nginx/conf.d/app.conf:20
2021/06/30 17:03:12 [emerg] 1#1: host not found in upstream "websockets" in /etc/nginx/conf.d/app.conf:20
2021/06/30 17:04:13 [emerg] 1#1: host not found in upstream "websockets" in /etc/nginx/conf.d/app.conf:20
2021/06/30 17:05:13 [emerg] 1#1: host not found in upstream "websockets" in /etc/nginx/conf.d/app.conf:20
2021/06/30 17:06:13 [emerg] 1#1: host not found in upstream "websockets" in /etc/nginx/conf.d/app.conf:20
2021/06/30 17:07:14 [emerg] 1#1: host not found in upstream "websockets" in /etc/nginx/conf.d/app.conf:20
2021/06/30 17:08:14 [emerg] 1#1: host not found in upstream "websockets" in /etc/nginx/conf.d/app.conf:20
2021/06/30 17:09:15 [emerg] 1#1: host not found in upstream "websockets" in /etc/nginx/conf.d/app.conf:20
2021/06/30 17:10:15 [emerg] 1#1: host not found in upstream "websockets" in /etc/nginx/conf.d/app.conf:20
2021/06/30 17:11:15 [emerg] 1#1: host not found in upstream "websockets" in /etc/nginx/conf.d/app.conf:20
2021/06/30 17:12:16 [emerg] 1#1: host not found in upstream "websockets" in /etc/nginx/conf.d/app.conf:20
2021/06/30 17:13:16 [emerg] 1#1: host not found in upstream "websockets" in /etc/nginx/conf.d/app.conf:20
2021/06/30 17:14:16 [emerg] 1#1: host not found in upstream "websockets" in /etc/nginx/conf.d/app.conf:20
2021/06/30 17:15:17 [emerg] 1#1: host not found in upstream "websockets" in /etc/nginx/conf.d/app.conf:20
2021/06/30 17:16:17 [emerg] 1#1: host not found in upstream "websockets" in /etc/nginx/conf.d/app.conf:20
2021/06/30 17:17:18 [emerg] 1#1: host not found in upstream "websockets" in /etc/nginx/conf.d/app.conf:20
2021/06/30 17:18:18 [emerg] 1#1: host not found in upstream "websockets" in /etc/nginx/conf.d/app.conf:20
2021/06/30 17:19:15 [emerg] 1#1: host not found in upstream "websockets" in /etc/nginx/conf.d/app.conf:20
2021/06/30 17:19:16 [emerg] 1#1: host not found in upstream "websockets" in /etc/nginx/conf.d/app.conf:20
2021/06/30 17:19:17 [emerg] 1#1: host not found in upstream "websockets" in /etc/nginx/conf.d/app.conf:20
2021/06/30 17:19:18 [emerg] 1#1: host not found in upstream "websockets" in /etc/nginx/conf.d/app.conf:20
2021/06/30 17:19:19 [emerg] 1#1: host not found in upstream "websockets" in /etc/nginx/conf.d/app.conf:20
2021/06/30 17:19:21 [emerg] 1#1: host not found in upstream "websockets" in /etc/nginx/conf.d/app.conf:20
2021/06/30 17:19:25 [emerg] 1#1: host not found in upstream "websockets" in /etc/nginx/conf.d/app.conf:20
2021/06/30 17:19:32 [emerg] 1#1: host not found in upstream "websockets" in /etc/nginx/conf.d/app.conf:20
2021/06/30 17:19:45 [emerg] 1#1: host not found in upstream "websockets" in /etc/nginx/conf.d/app.conf:20
2021/06/30 17:20:11 [emerg] 1#1: host not found in upstream "websockets" in /etc/nginx/conf.d/app.conf:20
2021/06/30 17:21:03 [emerg] 1#1: host not found in upstream "websockets" in /etc/nginx/conf.d/app.conf:20
2021/06/30 17:22:03 [emerg] 1#1: host not found in upstream "websockets" in /etc/nginx/conf.d/app.conf:20
2021/06/30 17:23:04 [emerg] 1#1: host not found in upstream "websockets" in /etc/nginx/conf.d/app.conf:20
2021/06/30 17:24:04 [emerg] 1#1: host not found in upstream "websockets" in /etc/nginx/conf.d/app.conf:20
2021/06/30 17:25:04 [emerg] 1#1: host not found in upstream "websockets" in /etc/nginx/conf.d/app.conf:20
2021/06/30 17:26:05 [emerg] 1#1: host not found in upstream "websockets" in /etc/nginx/conf.d/app.conf:20
2021/06/30 17:27:05 [emerg] 1#1: host not found in upstream "websockets" in /etc/nginx/conf.d/app.conf:20
2021/06/30 17:28:06 [emerg] 1#1: host not found in upstream "websockets" in /etc/nginx/conf.d/app.conf:20
2021/06/30 17:29:06 [emerg] 1#1: host not found in upstream "websockets" in /etc/nginx/conf.d/app.conf:20
2021/06/30 17:30:06 [emerg] 1#1: host not found in upstream "websockets" in /etc/nginx/conf.d/app.conf:20
2021/06/30 17:31:07 [emerg] 1#1: host not found in upstream "websockets" in /etc/nginx/conf.d/app.conf:20
2021/06/30 17:36:35 [emerg] 1#1: cannot load certificate "/etc/nginx/ssl/test.cert.pem": BIO_new_file() failed (SSL: error:02001002:system library:fopen:No such file or directory:fopen('/etc/nginx/ssl/test.cert.pem','r') error:2006D080:BIO routines:BIO_new_file:no such file)
2021/06/30 17:36:36 [emerg] 1#1: cannot load certificate "/etc/nginx/ssl/test.cert.pem": BIO_new_file() failed (SSL: error:02001002:system library:fopen:No such file or directory:fopen('/etc/nginx/ssl/test.cert.pem','r') error:2006D080:BIO routines:BIO_new_file:no such file)
2021/06/30 17:36:36 [emerg] 1#1: cannot load certificate "/etc/nginx/ssl/test.cert.pem": BIO_new_file() failed (SSL: error:02001002:system library:fopen:No such file or directory:fopen('/etc/nginx/ssl/test.cert.pem','r') error:2006D080:BIO routines:BIO_new_file:no such file)
2021/06/30 17:36:37 [emerg] 1#1: cannot load certificate "/etc/nginx/ssl/test.cert.pem": BIO_new_file() failed (SSL: error:02001002:system library:fopen:No such file or directory:fopen('/etc/nginx/ssl/test.cert.pem','r') error:2006D080:BIO routines:BIO_new_file:no such file)
2021/06/30 17:36:39 [emerg] 1#1: cannot load certificate "/etc/nginx/ssl/test.cert.pem": BIO_new_file() failed (SSL: error:02001002:system library:fopen:No such file or directory:fopen('/etc/nginx/ssl/test.cert.pem','r') error:2006D080:BIO routines:BIO_new_file:no such file)
2021/06/30 17:36:41 [emerg] 1#1: cannot load certificate "/etc/nginx/ssl/test.cert.pem": BIO_new_file() failed (SSL: error:02001002:system library:fopen:No such file or directory:fopen('/etc/nginx/ssl/test.cert.pem','r') error:2006D080:BIO routines:BIO_new_file:no such file)
2021/06/30 17:36:44 [emerg] 1#1: cannot load certificate "/etc/nginx/ssl/test.cert.pem": BIO_new_file() failed (SSL: error:02001002:system library:fopen:No such file or directory:fopen('/etc/nginx/ssl/test.cert.pem','r') error:2006D080:BIO routines:BIO_new_file:no such file)
2021/06/30 17:36:51 [emerg] 1#1: cannot load certificate "/etc/nginx/ssl/test.cert.pem": BIO_new_file() failed (SSL: error:02001002:system library:fopen:No such file or directory:fopen('/etc/nginx/ssl/test.cert.pem','r') error:2006D080:BIO routines:BIO_new_file:no such file)
2021/06/30 17:37:04 [emerg] 1#1: cannot load certificate "/etc/nginx/ssl/test.cert.pem": BIO_new_file() failed (SSL: error:02001002:system library:fopen:No such file or directory:fopen('/etc/nginx/ssl/test.cert.pem','r') error:2006D080:BIO routines:BIO_new_file:no such file)
2021/06/30 17:37:30 [emerg] 1#1: cannot load certificate "/etc/nginx/ssl/test.cert.pem": BIO_new_file() failed (SSL: error:02001002:system library:fopen:No such file or directory:fopen('/etc/nginx/ssl/test.cert.pem','r') error:2006D080:BIO routines:BIO_new_file:no such file)
2021/06/30 17:58:37 [notice] 1#1: using the "epoll" event method
2021/06/30 17:58:37 [notice] 1#1: nginx/1.21.0
2021/06/30 17:58:37 [notice] 1#1: built by gcc 10.2.1 20201203 (Alpine 10.2.1_pre1) 
2021/06/30 17:58:37 [notice] 1#1: OS: Linux 4.19.121-linuxkit
2021/06/30 17:58:37 [notice] 1#1: getrlimit(RLIMIT_NOFILE): 1048576:1048576
2021/06/30 17:58:37 [notice] 1#1: start worker processes
2021/06/30 17:58:37 [notice] 1#1: start worker process 23
2021/06/30 17:58:37 [notice] 1#1: start worker process 24
2021/06/30 17:58:37 [notice] 1#1: start worker process 25
2021/06/30 17:58:37 [notice] 1#1: start worker process 26
2021/06/30 17:58:37 [notice] 1#1: start worker process 27
2021/06/30 17:58:37 [notice] 1#1: start worker process 28
2021/06/30 17:58:37 [notice] 1#1: start worker process 29
2021/06/30 17:58:37 [notice] 1#1: start worker process 30
2021/06/30 20:10:38 [notice] 1#1: signal 3 (SIGQUIT) received, shutting down
2021/06/30 20:10:38 [notice] 23#23: gracefully shutting down
2021/06/30 20:10:38 [notice] 25#25: gracefully shutting down
2021/06/30 20:10:38 [notice] 28#28: gracefully shutting down
2021/06/30 20:10:38 [notice] 30#30: gracefully shutting down
2021/06/30 20:10:38 [notice] 25#25: exiting
2021/06/30 20:10:38 [notice] 29#29: gracefully shutting down
2021/06/30 20:10:38 [notice] 24#24: gracefully shutting down
2021/06/30 20:10:38 [notice] 27#27: gracefully shutting down
2021/06/30 20:10:38 [notice] 26#26: gracefully shutting down
2021/06/30 20:10:38 [notice] 26#26: exiting
2021/06/30 20:10:38 [notice] 29#29: exiting
2021/06/30 20:10:38 [notice] 23#23: exiting
2021/06/30 20:10:38 [notice] 23#23: exit
2021/06/30 20:10:38 [notice] 28#28: exiting
2021/06/30 20:10:38 [notice] 30#30: exiting
2021/06/30 20:10:38 [notice] 26#26: exit
2021/06/30 20:10:38 [notice] 25#25: exit
2021/06/30 20:10:38 [notice] 24#24: exiting
2021/06/30 20:10:38 [notice] 29#29: exit
2021/06/30 20:10:38 [notice] 28#28: exit
2021/06/30 20:10:38 [notice] 30#30: exit
2021/06/30 20:10:38 [notice] 24#24: exit
2021/06/30 20:10:38 [notice] 27#27: exiting
2021/06/30 20:10:38 [notice] 27#27: exit
2021/06/30 20:10:38 [notice] 1#1: signal 17 (SIGCHLD) received from 24
2021/06/30 20:10:38 [notice] 1#1: worker process 23 exited with code 0
2021/06/30 20:10:38 [notice] 1#1: worker process 24 exited with code 0
2021/06/30 20:10:38 [notice] 1#1: worker process 25 exited with code 0
2021/06/30 20:10:38 [notice] 1#1: worker process 26 exited with code 0
2021/06/30 20:10:38 [notice] 1#1: worker process 27 exited with code 0
2021/06/30 20:10:38 [notice] 1#1: worker process 28 exited with code 0
2021/06/30 20:10:38 [notice] 1#1: worker process 29 exited with code 0
2021/06/30 20:10:38 [notice] 1#1: worker process 30 exited with code 0
2021/06/30 20:10:38 [notice] 1#1: exit
2021/06/30 20:11:07 [notice] 1#1: using the "epoll" event method
2021/06/30 20:11:07 [notice] 1#1: nginx/1.21.0
2021/06/30 20:11:07 [notice] 1#1: built by gcc 10.2.1 20201203 (Alpine 10.2.1_pre1) 
2021/06/30 20:11:07 [notice] 1#1: OS: Linux 4.19.121-linuxkit
2021/06/30 20:11:07 [notice] 1#1: getrlimit(RLIMIT_NOFILE): 1048576:1048576
2021/06/30 20:11:07 [notice] 1#1: start worker processes
2021/06/30 20:11:07 [notice] 1#1: start worker process 24
2021/06/30 20:11:07 [notice] 1#1: start worker process 25
2021/06/30 20:11:07 [notice] 1#1: start worker process 26
2021/06/30 20:11:07 [notice] 1#1: start worker process 27
2021/06/30 20:11:07 [notice] 1#1: start worker process 28
2021/06/30 20:11:07 [notice] 1#1: start worker process 29
2021/06/30 20:11:07 [notice] 1#1: start worker process 30
2021/06/30 20:11:07 [notice] 1#1: start worker process 31
2021/06/30 20:11:20 [notice] 1#1: signal 3 (SIGQUIT) received, shutting down
2021/06/30 20:11:20 [notice] 24#24: gracefully shutting down
2021/06/30 20:11:20 [notice] 26#26: gracefully shutting down
2021/06/30 20:11:20 [notice] 27#27: gracefully shutting down
2021/06/30 20:11:20 [notice] 27#27: exiting
2021/06/30 20:11:20 [notice] 25#25: gracefully shutting down
2021/06/30 20:11:20 [notice] 25#25: exiting
2021/06/30 20:11:20 [notice] 29#29: gracefully shutting down
2021/06/30 20:11:20 [notice] 29#29: exiting
2021/06/30 20:11:20 [notice] 30#30: gracefully shutting down
2021/06/30 20:11:20 [notice] 30#30: exiting
2021/06/30 20:11:20 [notice] 28#28: gracefully shutting down
2021/06/30 20:11:20 [notice] 28#28: exiting
2021/06/30 20:11:20 [notice] 31#31: gracefully shutting down
2021/06/30 20:11:20 [notice] 31#31: exiting
2021/06/30 20:11:20 [notice] 24#24: exiting
2021/06/30 20:11:20 [notice] 26#26: exiting
2021/06/30 20:11:20 [notice] 27#27: exit
2021/06/30 20:11:20 [notice] 25#25: exit
2021/06/30 20:11:20 [notice] 29#29: exit
2021/06/30 20:11:20 [notice] 30#30: exit
2021/06/30 20:11:20 [notice] 28#28: exit
2021/06/30 20:11:20 [notice] 31#31: exit
2021/06/30 20:11:20 [notice] 24#24: exit
2021/06/30 20:11:20 [notice] 26#26: exit
2021/06/30 20:11:20 [notice] 1#1: signal 17 (SIGCHLD) received from 27
2021/06/30 20:11:20 [notice] 1#1: worker process 27 exited with code 0
2021/06/30 20:11:20 [notice] 1#1: signal 29 (SIGIO) received
2021/06/30 20:11:20 [notice] 1#1: signal 17 (SIGCHLD) received from 25
2021/06/30 20:11:20 [notice] 1#1: worker process 25 exited with code 0
2021/06/30 20:11:20 [notice] 1#1: worker process 24 exited with code 0
2021/06/30 20:11:20 [notice] 1#1: worker process 26 exited with code 0
2021/06/30 20:11:20 [notice] 1#1: worker process 28 exited with code 0
2021/06/30 20:11:20 [notice] 1#1: worker process 29 exited with code 0
2021/06/30 20:11:20 [notice] 1#1: worker process 30 exited with code 0
2021/06/30 20:11:20 [notice] 1#1: worker process 31 exited with code 0
2021/06/30 20:11:20 [notice] 1#1: exit
2021/06/30 20:12:20 [notice] 1#1: using the "epoll" event method
2021/06/30 20:12:20 [notice] 1#1: nginx/1.21.0
2021/06/30 20:12:20 [notice] 1#1: built by gcc 10.2.1 20201203 (Alpine 10.2.1_pre1) 
2021/06/30 20:12:20 [notice] 1#1: OS: Linux 4.19.121-linuxkit
2021/06/30 20:12:20 [notice] 1#1: getrlimit(RLIMIT_NOFILE): 1048576:1048576
2021/06/30 20:12:20 [notice] 1#1: start worker processes
2021/06/30 20:12:20 [notice] 1#1: start worker process 23
2021/06/30 20:12:20 [notice] 1#1: start worker process 24
2021/06/30 20:12:20 [notice] 1#1: start worker process 25
2021/06/30 20:12:20 [notice] 1#1: start worker process 26
2021/06/30 20:12:20 [notice] 1#1: start worker process 27
2021/06/30 20:12:20 [notice] 1#1: start worker process 28
2021/06/30 20:12:20 [notice] 1#1: start worker process 29
2021/06/30 20:12:20 [notice] 1#1: start worker process 30
2021/06/30 20:12:24 [notice] 1#1: signal 3 (SIGQUIT) received, shutting down
2021/06/30 20:12:24 [notice] 23#23: gracefully shutting down
2021/06/30 20:12:24 [notice] 24#24: gracefully shutting down
2021/06/30 20:12:24 [notice] 28#28: gracefully shutting down
2021/06/30 20:12:24 [notice] 26#26: gracefully shutting down
2021/06/30 20:12:24 [notice] 25#25: gracefully shutting down
2021/06/30 20:12:24 [notice] 25#25: exiting
2021/06/30 20:12:24 [notice] 29#29: gracefully shutting down
2021/06/30 20:12:24 [notice] 27#27: gracefully shutting down
2021/06/30 20:12:24 [notice] 27#27: exiting
2021/06/30 20:12:24 [notice] 30#30: gracefully shutting down
2021/06/30 20:12:24 [notice] 23#23: exiting
2021/06/30 20:12:24 [notice] 24#24: exiting
2021/06/30 20:12:24 [notice] 28#28: exiting
2021/06/30 20:12:24 [notice] 26#26: exiting
2021/06/30 20:12:24 [notice] 25#25: exit
2021/06/30 20:12:24 [notice] 29#29: exiting
2021/06/30 20:12:24 [notice] 27#27: exit
2021/06/30 20:12:24 [notice] 30#30: exiting
2021/06/30 20:12:24 [notice] 23#23: exit
2021/06/30 20:12:24 [notice] 24#24: exit
2021/06/30 20:12:24 [notice] 28#28: exit
2021/06/30 20:12:24 [notice] 26#26: exit
2021/06/30 20:12:24 [notice] 29#29: exit
2021/06/30 20:12:24 [notice] 30#30: exit
2021/06/30 20:12:24 [notice] 1#1: signal 17 (SIGCHLD) received from 27
2021/06/30 20:12:24 [notice] 1#1: worker process 25 exited with code 0
2021/06/30 20:12:24 [notice] 1#1: worker process 23 exited with code 0
2021/06/30 20:12:24 [notice] 1#1: worker process 24 exited with code 0
2021/06/30 20:12:24 [notice] 1#1: worker process 27 exited with code 0
2021/06/30 20:12:24 [notice] 1#1: worker process 26 exited with code 0
2021/06/30 20:12:24 [notice] 1#1: worker process 28 exited with code 0
2021/06/30 20:12:24 [notice] 1#1: worker process 29 exited with code 0
2021/06/30 20:12:24 [notice] 1#1: worker process 30 exited with code 0
2021/06/30 20:12:24 [notice] 1#1: exit
2021/06/30 20:37:33 [notice] 1#1: using the "epoll" event method
2021/06/30 20:37:33 [notice] 1#1: nginx/1.21.0
2021/06/30 20:37:33 [notice] 1#1: built by gcc 10.2.1 20201203 (Alpine 10.2.1_pre1) 
2021/06/30 20:37:33 [notice] 1#1: OS: Linux 4.19.121-linuxkit
2021/06/30 20:37:33 [notice] 1#1: getrlimit(RLIMIT_NOFILE): 1048576:1048576
2021/06/30 20:37:33 [notice] 1#1: start worker processes
2021/06/30 20:37:33 [notice] 1#1: start worker process 24
2021/06/30 20:37:33 [notice] 1#1: start worker process 25
2021/06/30 20:37:33 [notice] 1#1: start worker process 26
2021/06/30 20:37:33 [notice] 1#1: start worker process 27
2021/06/30 20:37:33 [notice] 1#1: start worker process 28
2021/06/30 20:37:33 [notice] 1#1: start worker process 29
2021/06/30 20:37:33 [notice] 1#1: start worker process 30
2021/06/30 20:37:33 [notice] 1#1: start worker process 31
2021/06/30 20:43:05 [notice] 1#1: signal 15 (SIGTERM) received, exiting
2021/06/30 20:43:05 [notice] 28#28: signal 15 (SIGTERM) received, exiting
2021/06/30 20:43:27 [notice] 1#1: using the "epoll" event method
2021/06/30 20:43:27 [notice] 1#1: nginx/1.21.0
2021/06/30 20:43:27 [notice] 1#1: built by gcc 10.2.1 20201203 (Alpine 10.2.1_pre1) 
2021/06/30 20:43:27 [notice] 1#1: OS: Linux 4.19.121-linuxkit
2021/06/30 20:43:27 [notice] 1#1: getrlimit(RLIMIT_NOFILE): 1048576:1048576
2021/06/30 20:43:27 [notice] 1#1: start worker processes
2021/06/30 20:43:27 [notice] 1#1: start worker process 23
2021/06/30 20:43:27 [notice] 1#1: start worker process 24
2021/06/30 20:43:27 [notice] 1#1: start worker process 25
2021/06/30 20:43:27 [notice] 1#1: start worker process 26
2021/06/30 20:43:27 [notice] 1#1: start worker process 27
2021/06/30 20:43:27 [notice] 1#1: start worker process 28
2021/06/30 20:43:27 [notice] 1#1: start worker process 29
2021/06/30 20:43:27 [notice] 1#1: start worker process 30
2021/06/30 20:51:13 [notice] 1#1: signal 3 (SIGQUIT) received, shutting down
2021/06/30 20:51:13 [notice] 26#26: gracefully shutting down
2021/06/30 20:51:13 [notice] 23#23: gracefully shutting down
2021/06/30 20:51:13 [notice] 25#25: gracefully shutting down
2021/06/30 20:51:13 [notice] 25#25: exiting
2021/06/30 20:51:13 [notice] 30#30: gracefully shutting down
2021/06/30 20:51:13 [notice] 30#30: exiting
2021/06/30 20:51:13 [notice] 27#27: gracefully shutting down
2021/06/30 20:51:13 [notice] 27#27: exiting
2021/06/30 20:51:13 [notice] 28#28: gracefully shutting down
2021/06/30 20:51:13 [notice] 28#28: exiting
2021/06/30 20:51:13 [notice] 29#29: gracefully shutting down
2021/06/30 20:51:13 [notice] 24#24: gracefully shutting down
2021/06/30 20:51:13 [notice] 26#26: exiting
2021/06/30 20:51:13 [notice] 23#23: exiting
2021/06/30 20:51:13 [notice] 25#25: exit
2021/06/30 20:51:13 [notice] 30#30: exit
2021/06/30 20:51:13 [notice] 27#27: exit
2021/06/30 20:51:13 [notice] 28#28: exit
2021/06/30 20:51:13 [notice] 24#24: exiting
2021/06/30 20:51:13 [notice] 29#29: exiting
2021/06/30 20:51:13 [notice] 26#26: exit
2021/06/30 20:51:13 [notice] 23#23: exit
2021/06/30 20:51:13 [notice] 24#24: exit
2021/06/30 20:51:13 [notice] 29#29: exit
2021/06/30 20:51:13 [notice] 1#1: signal 17 (SIGCHLD) received from 25
2021/06/30 20:51:13 [notice] 1#1: worker process 25 exited with code 0
2021/06/30 20:51:13 [notice] 1#1: signal 29 (SIGIO) received
2021/06/30 20:51:13 [notice] 1#1: signal 17 (SIGCHLD) received from 27
2021/06/30 20:51:13 [notice] 1#1: worker process 26 exited with code 0
2021/06/30 20:51:13 [notice] 1#1: worker process 27 exited with code 0
2021/06/30 20:51:13 [notice] 1#1: worker process 30 exited with code 0
2021/06/30 20:51:13 [notice] 1#1: worker process 24 exited with code 0
2021/06/30 20:51:13 [notice] 1#1: worker process 23 exited with code 0
2021/06/30 20:51:13 [notice] 1#1: worker process 28 exited with code 0
2021/06/30 20:51:13 [notice] 1#1: worker process 29 exited with code 0
2021/06/30 20:51:13 [notice] 1#1: exit
2021/06/30 20:53:15 [notice] 1#1: using the "epoll" event method
2021/06/30 20:53:15 [notice] 1#1: nginx/1.21.0
2021/06/30 20:53:15 [notice] 1#1: built by gcc 10.2.1 20201203 (Alpine 10.2.1_pre1) 
2021/06/30 20:53:15 [notice] 1#1: OS: Linux 4.19.121-linuxkit
2021/06/30 20:53:15 [notice] 1#1: getrlimit(RLIMIT_NOFILE): 1048576:1048576
2021/06/30 20:53:15 [notice] 1#1: start worker processes
2021/06/30 20:53:15 [notice] 1#1: start worker process 23
2021/06/30 20:53:15 [notice] 1#1: start worker process 24
2021/06/30 20:53:15 [notice] 1#1: start worker process 25
2021/06/30 20:53:15 [notice] 1#1: start worker process 26
2021/06/30 20:53:15 [notice] 1#1: start worker process 27
2021/06/30 20:53:15 [notice] 1#1: start worker process 28
2021/06/30 20:53:15 [notice] 1#1: start worker process 29
2021/06/30 20:53:15 [notice] 1#1: start worker process 30
2021/06/30 20:53:24 [notice] 1#1: signal 3 (SIGQUIT) received, shutting down
2021/06/30 20:53:24 [notice] 24#24: gracefully shutting down
2021/06/30 20:53:24 [notice] 27#27: gracefully shutting down
2021/06/30 20:53:24 [notice] 26#26: gracefully shutting down
2021/06/30 20:53:24 [notice] 28#28: gracefully shutting down
2021/06/30 20:53:24 [notice] 28#28: exiting
2021/06/30 20:53:24 [notice] 29#29: gracefully shutting down
2021/06/30 20:53:24 [notice] 25#25: gracefully shutting down
2021/06/30 20:53:24 [notice] 30#30: gracefully shutting down
2021/06/30 20:53:24 [notice] 23#23: gracefully shutting down
2021/06/30 20:53:24 [notice] 23#23: exiting
2021/06/30 20:53:24 [notice] 24#24: exiting
2021/06/30 20:53:24 [notice] 27#27: exiting
2021/06/30 20:53:24 [notice] 26#26: exiting
2021/06/30 20:53:24 [notice] 28#28: exit
2021/06/30 20:53:24 [notice] 29#29: exiting
2021/06/30 20:53:24 [notice] 25#25: exiting
2021/06/30 20:53:24 [notice] 30#30: exiting
2021/06/30 20:53:24 [notice] 23#23: exit
2021/06/30 20:53:24 [notice] 24#24: exit
2021/06/30 20:53:24 [notice] 27#27: exit
2021/06/30 20:53:24 [notice] 26#26: exit
2021/06/30 20:53:24 [notice] 29#29: exit
2021/06/30 20:53:24 [notice] 25#25: exit
2021/06/30 20:53:24 [notice] 30#30: exit
2021/06/30 20:53:24 [notice] 1#1: signal 17 (SIGCHLD) received from 28
2021/06/30 20:53:24 [notice] 1#1: worker process 28 exited with code 0
2021/06/30 20:53:24 [notice] 1#1: signal 29 (SIGIO) received
2021/06/30 20:53:24 [notice] 1#1: signal 17 (SIGCHLD) received from 23
2021/06/30 20:53:24 [notice] 1#1: worker process 23 exited with code 0
2021/06/30 20:53:24 [notice] 1#1: signal 29 (SIGIO) received
2021/06/30 20:53:24 [notice] 1#1: signal 17 (SIGCHLD) received from 26
2021/06/30 20:53:24 [notice] 1#1: worker process 24 exited with code 0
2021/06/30 20:53:24 [notice] 1#1: worker process 26 exited with code 0
2021/06/30 20:53:24 [notice] 1#1: worker process 27 exited with code 0
2021/06/30 20:53:24 [notice] 1#1: signal 29 (SIGIO) received
2021/06/30 20:53:24 [notice] 1#1: signal 17 (SIGCHLD) received from 27
2021/06/30 20:53:24 [notice] 1#1: signal 17 (SIGCHLD) received from 25
2021/06/30 20:53:24 [notice] 1#1: worker process 25 exited with code 0
2021/06/30 20:53:24 [notice] 1#1: worker process 29 exited with code 0
2021/06/30 20:53:24 [notice] 1#1: worker process 30 exited with code 0
2021/06/30 20:53:24 [notice] 1#1: exit
2021/06/30 20:56:56 [notice] 1#1: using the "epoll" event method
2021/06/30 20:56:56 [notice] 1#1: nginx/1.21.0
2021/06/30 20:56:56 [notice] 1#1: built by gcc 10.2.1 20201203 (Alpine 10.2.1_pre1) 
2021/06/30 20:56:56 [notice] 1#1: OS: Linux 4.19.121-linuxkit
2021/06/30 20:56:56 [notice] 1#1: getrlimit(RLIMIT_NOFILE): 1048576:1048576
2021/06/30 20:56:56 [notice] 1#1: start worker processes
2021/06/30 20:56:56 [notice] 1#1: start worker process 23
2021/06/30 20:56:56 [notice] 1#1: start worker process 24
2021/06/30 20:56:56 [notice] 1#1: start worker process 25
2021/06/30 20:56:56 [notice] 1#1: start worker process 26
2021/06/30 20:56:56 [notice] 1#1: start worker process 27
2021/06/30 20:56:56 [notice] 1#1: start worker process 28
2021/06/30 20:56:56 [notice] 1#1: start worker process 29
2021/06/30 20:56:56 [notice] 1#1: start worker process 30
2021/06/30 20:57:05 [notice] 1#1: signal 3 (SIGQUIT) received, shutting down
2021/06/30 20:57:05 [notice] 27#27: gracefully shutting down
2021/06/30 20:57:05 [notice] 23#23: gracefully shutting down
2021/06/30 20:57:05 [notice] 23#23: exiting
2021/06/30 20:57:05 [notice] 25#25: gracefully shutting down
2021/06/30 20:57:05 [notice] 25#25: exiting
2021/06/30 20:57:05 [notice] 26#26: gracefully shutting down
2021/06/30 20:57:05 [notice] 28#28: gracefully shutting down
2021/06/30 20:57:05 [notice] 24#24: gracefully shutting down
2021/06/30 20:57:05 [notice] 29#29: gracefully shutting down
2021/06/30 20:57:05 [notice] 29#29: exiting
2021/06/30 20:57:05 [notice] 30#30: gracefully shutting down
2021/06/30 20:57:05 [notice] 27#27: exiting
2021/06/30 20:57:05 [notice] 23#23: exit
2021/06/30 20:57:05 [notice] 25#25: exit
2021/06/30 20:57:05 [notice] 26#26: exiting
2021/06/30 20:57:05 [notice] 28#28: exiting
2021/06/30 20:57:05 [notice] 24#24: exiting
2021/06/30 20:57:05 [notice] 29#29: exit
2021/06/30 20:57:05 [notice] 30#30: exiting
2021/06/30 20:57:05 [notice] 27#27: exit
2021/06/30 20:57:05 [notice] 26#26: exit
2021/06/30 20:57:05 [notice] 28#28: exit
2021/06/30 20:57:05 [notice] 24#24: exit
2021/06/30 20:57:05 [notice] 30#30: exit
2021/06/30 20:57:05 [notice] 1#1: signal 17 (SIGCHLD) received from 23
2021/06/30 20:57:05 [notice] 1#1: worker process 23 exited with code 0
2021/06/30 20:57:05 [notice] 1#1: signal 29 (SIGIO) received
2021/06/30 20:57:05 [notice] 1#1: signal 17 (SIGCHLD) received from 25
2021/06/30 20:57:05 [notice] 1#1: worker process 25 exited with code 0
2021/06/30 20:57:05 [notice] 1#1: worker process 29 exited with code 0
2021/06/30 20:57:05 [notice] 1#1: signal 17 (SIGCHLD) received from 29
2021/06/30 20:57:05 [notice] 1#1: worker process 26 exited with code 0
2021/06/30 20:57:05 [notice] 1#1: worker process 27 exited with code 0
2021/06/30 20:57:05 [notice] 1#1: worker process 24 exited with code 0
2021/06/30 20:57:05 [notice] 1#1: worker process 28 exited with code 0
2021/06/30 20:57:05 [notice] 1#1: worker process 30 exited with code 0
2021/06/30 20:57:05 [notice] 1#1: signal 17 (SIGCHLD) received from 26
2021/06/30 20:57:05 [notice] 1#1: exit
2021/06/30 20:57:59 [notice] 1#1: using the "epoll" event method
2021/06/30 20:57:59 [notice] 1#1: nginx/1.21.0
2021/06/30 20:57:59 [notice] 1#1: built by gcc 10.2.1 20201203 (Alpine 10.2.1_pre1) 
2021/06/30 20:57:59 [notice] 1#1: OS: Linux 4.19.121-linuxkit
2021/06/30 20:57:59 [notice] 1#1: getrlimit(RLIMIT_NOFILE): 1048576:1048576
2021/06/30 20:57:59 [notice] 1#1: start worker processes
2021/06/30 20:57:59 [notice] 1#1: start worker process 23
2021/06/30 20:57:59 [notice] 1#1: start worker process 24
2021/06/30 20:57:59 [notice] 1#1: start worker process 25
2021/06/30 20:57:59 [notice] 1#1: start worker process 26
2021/06/30 20:57:59 [notice] 1#1: start worker process 27
2021/06/30 20:57:59 [notice] 1#1: start worker process 28
2021/06/30 20:57:59 [notice] 1#1: start worker process 29
2021/06/30 20:57:59 [notice] 1#1: start worker process 30
2021/06/30 20:58:35 [notice] 1#1: signal 3 (SIGQUIT) received, shutting down
2021/06/30 20:58:35 [notice] 23#23: gracefully shutting down
2021/06/30 20:58:35 [notice] 23#23: exiting
2021/06/30 20:58:35 [notice] 25#25: gracefully shutting down
2021/06/30 20:58:35 [notice] 25#25: exiting
2021/06/30 20:58:35 [notice] 27#27: gracefully shutting down
2021/06/30 20:58:35 [notice] 28#28: gracefully shutting down
2021/06/30 20:58:35 [notice] 28#28: exiting
2021/06/30 20:58:35 [notice] 30#30: gracefully shutting down
2021/06/30 20:58:35 [notice] 30#30: exiting
2021/06/30 20:58:35 [notice] 24#24: gracefully shutting down
2021/06/30 20:58:35 [notice] 24#24: exiting
2021/06/30 20:58:35 [notice] 26#26: gracefully shutting down
2021/06/30 20:58:35 [notice] 26#26: exiting
2021/06/30 20:58:35 [notice] 29#29: gracefully shutting down
2021/06/30 20:58:35 [notice] 23#23: exit
2021/06/30 20:58:35 [notice] 25#25: exit
2021/06/30 20:58:35 [notice] 27#27: exiting
2021/06/30 20:58:35 [notice] 28#28: exit
2021/06/30 20:58:35 [notice] 30#30: exit
2021/06/30 20:58:35 [notice] 24#24: exit
2021/06/30 20:58:35 [notice] 26#26: exit
2021/06/30 20:58:35 [notice] 29#29: exiting
2021/06/30 20:58:35 [notice] 29#29: exit
2021/06/30 20:58:35 [notice] 27#27: exit
2021/06/30 20:58:35 [notice] 1#1: signal 17 (SIGCHLD) received from 23
2021/06/30 20:58:35 [notice] 1#1: worker process 23 exited with code 0
2021/06/30 20:58:35 [notice] 1#1: worker process 25 exited with code 0
2021/06/30 20:58:35 [notice] 1#1: worker process 24 exited with code 0
2021/06/30 20:58:35 [notice] 1#1: worker process 28 exited with code 0
2021/06/30 20:58:35 [notice] 1#1: worker process 30 exited with code 0
2021/06/30 20:58:35 [notice] 1#1: signal 29 (SIGIO) received
2021/06/30 20:58:35 [notice] 1#1: signal 17 (SIGCHLD) received from 24
2021/06/30 20:58:35 [notice] 1#1: worker process 26 exited with code 0
2021/06/30 20:58:35 [notice] 1#1: worker process 27 exited with code 0
2021/06/30 20:58:35 [notice] 1#1: worker process 29 exited with code 0
2021/06/30 20:58:35 [notice] 1#1: exit
2021/06/30 21:14:33 [notice] 1#1: using the "epoll" event method
2021/06/30 21:14:33 [notice] 1#1: nginx/1.21.0
2021/06/30 21:14:33 [notice] 1#1: built by gcc 10.2.1 20201203 (Alpine 10.2.1_pre1) 
2021/06/30 21:14:33 [notice] 1#1: OS: Linux 4.19.121-linuxkit
2021/06/30 21:14:33 [notice] 1#1: getrlimit(RLIMIT_NOFILE): 1048576:1048576
2021/06/30 21:14:33 [notice] 1#1: start worker processes
2021/06/30 21:14:33 [notice] 1#1: start worker process 23
2021/06/30 21:14:33 [notice] 1#1: start worker process 24
2021/06/30 21:14:33 [notice] 1#1: start worker process 25
2021/06/30 21:14:33 [notice] 1#1: start worker process 26
2021/06/30 21:14:33 [notice] 1#1: start worker process 27
2021/06/30 21:14:33 [notice] 1#1: start worker process 28
2021/06/30 21:14:33 [notice] 1#1: start worker process 29
2021/06/30 21:14:33 [notice] 1#1: start worker process 30
2021/06/30 21:25:17 [notice] 1#1: signal 3 (SIGQUIT) received, shutting down
2021/06/30 21:25:17 [notice] 24#24: gracefully shutting down
2021/06/30 21:25:17 [notice] 23#23: gracefully shutting down
2021/06/30 21:25:17 [notice] 26#26: gracefully shutting down
2021/06/30 21:25:17 [notice] 25#25: gracefully shutting down
2021/06/30 21:25:17 [notice] 28#28: gracefully shutting down
2021/06/30 21:25:17 [notice] 28#28: exiting
2021/06/30 21:25:17 [notice] 30#30: gracefully shutting down
2021/06/30 21:25:17 [notice] 29#29: gracefully shutting down
2021/06/30 21:25:17 [notice] 29#29: exiting
2021/06/30 21:25:17 [notice] 27#27: gracefully shutting down
2021/06/30 21:25:17 [notice] 24#24: exiting
2021/06/30 21:25:17 [notice] 23#23: exiting
2021/06/30 21:25:17 [notice] 26#26: exiting
2021/06/30 21:25:17 [notice] 25#25: exiting
2021/06/30 21:25:17 [notice] 28#28: exit
2021/06/30 21:25:17 [notice] 30#30: exiting
2021/06/30 21:25:17 [notice] 29#29: exit
2021/06/30 21:25:17 [notice] 27#27: exiting
2021/06/30 21:25:17 [notice] 27#27: exit
2021/06/30 21:25:17 [notice] 24#24: exit
2021/06/30 21:25:17 [notice] 23#23: exit
2021/06/30 21:25:17 [notice] 26#26: exit
2021/06/30 21:25:17 [notice] 25#25: exit
2021/06/30 21:25:17 [notice] 30#30: exit
2021/06/30 21:25:17 [notice] 1#1: signal 17 (SIGCHLD) received from 29
2021/06/30 21:25:17 [notice] 1#1: worker process 28 exited with code 0
2021/06/30 21:25:17 [notice] 1#1: worker process 29 exited with code 0
2021/06/30 21:25:17 [notice] 1#1: signal 29 (SIGIO) received
2021/06/30 21:25:17 [notice] 1#1: signal 17 (SIGCHLD) received from 28
2021/06/30 21:25:17 [notice] 1#1: worker process 27 exited with code 0
2021/06/30 21:25:17 [notice] 1#1: signal 29 (SIGIO) received
2021/06/30 21:25:17 [notice] 1#1: signal 17 (SIGCHLD) received from 27
2021/06/30 21:25:17 [notice] 1#1: worker process 23 exited with code 0
2021/06/30 21:25:17 [notice] 1#1: worker process 24 exited with code 0
2021/06/30 21:25:17 [notice] 1#1: worker process 26 exited with code 0
2021/06/30 21:25:17 [notice] 1#1: signal 29 (SIGIO) received
2021/06/30 21:25:17 [notice] 1#1: signal 17 (SIGCHLD) received from 24
2021/06/30 21:25:17 [notice] 1#1: signal 17 (SIGCHLD) received from 25
2021/06/30 21:25:17 [notice] 1#1: worker process 25 exited with code 0
2021/06/30 21:25:17 [notice] 1#1: worker process 30 exited with code 0
2021/06/30 21:25:17 [notice] 1#1: exit
2021/06/30 21:29:38 [notice] 1#1: using the "epoll" event method
2021/06/30 21:29:38 [notice] 1#1: nginx/1.21.0
2021/06/30 21:29:38 [notice] 1#1: built by gcc 10.2.1 20201203 (Alpine 10.2.1_pre1) 
2021/06/30 21:29:38 [notice] 1#1: OS: Linux 4.19.121-linuxkit
2021/06/30 21:29:38 [notice] 1#1: getrlimit(RLIMIT_NOFILE): 1048576:1048576
2021/06/30 21:29:38 [notice] 1#1: start worker processes
2021/06/30 21:29:38 [notice] 1#1: start worker process 23
2021/06/30 21:29:38 [notice] 1#1: start worker process 24
2021/06/30 21:29:38 [notice] 1#1: start worker process 25
2021/06/30 21:29:38 [notice] 1#1: start worker process 26
2021/06/30 21:29:38 [notice] 1#1: start worker process 27
2021/06/30 21:29:38 [notice] 1#1: start worker process 28
2021/06/30 21:29:38 [notice] 1#1: start worker process 29
2021/06/30 21:29:38 [notice] 1#1: start worker process 30
2021/06/30 21:40:40 [notice] 1#1: signal 3 (SIGQUIT) received, shutting down
2021/06/30 21:40:40 [notice] 24#24: gracefully shutting down
2021/06/30 21:40:40 [notice] 29#29: gracefully shutting down
2021/06/30 21:40:40 [notice] 25#25: gracefully shutting down
2021/06/30 21:40:40 [notice] 23#23: gracefully shutting down
2021/06/30 21:40:40 [notice] 26#26: gracefully shutting down
2021/06/30 21:40:40 [notice] 27#27: gracefully shutting down
2021/06/30 21:40:40 [notice] 27#27: exiting
2021/06/30 21:40:40 [notice] 28#28: gracefully shutting down
2021/06/30 21:40:40 [notice] 30#30: gracefully shutting down
2021/06/30 21:40:40 [notice] 24#24: exiting
2021/06/30 21:40:40 [notice] 29#29: exiting
2021/06/30 21:40:40 [notice] 29#29: exit
2021/06/30 21:40:40 [notice] 25#25: exiting
2021/06/30 21:40:40 [notice] 26#26: exiting
2021/06/30 21:40:40 [notice] 23#23: exiting
2021/06/30 21:40:40 [notice] 27#27: exit
2021/06/30 21:40:40 [notice] 28#28: exiting
2021/06/30 21:40:40 [notice] 30#30: exiting
2021/06/30 21:40:40 [notice] 30#30: exit
2021/06/30 21:40:40 [notice] 24#24: exit
2021/06/30 21:40:40 [notice] 25#25: exit
2021/06/30 21:40:40 [notice] 26#26: exit
2021/06/30 21:40:40 [notice] 23#23: exit
2021/06/30 21:40:40 [notice] 28#28: exit
2021/06/30 21:40:40 [notice] 1#1: signal 17 (SIGCHLD) received from 27
2021/06/30 21:40:40 [notice] 1#1: worker process 27 exited with code 0
2021/06/30 21:40:40 [notice] 1#1: signal 29 (SIGIO) received
2021/06/30 21:40:40 [notice] 1#1: signal 17 (SIGCHLD) received from 28
2021/06/30 21:40:40 [notice] 1#1: worker process 28 exited with code 0
2021/06/30 21:40:40 [notice] 1#1: worker process 23 exited with code 0
2021/06/30 21:40:40 [notice] 1#1: worker process 24 exited with code 0
2021/06/30 21:40:40 [notice] 1#1: worker process 25 exited with code 0
2021/06/30 21:40:40 [notice] 1#1: worker process 26 exited with code 0
2021/06/30 21:40:40 [notice] 1#1: worker process 29 exited with code 0
2021/06/30 21:40:40 [notice] 1#1: worker process 30 exited with code 0
2021/06/30 21:40:40 [notice] 1#1: exit
2021/06/30 21:40:56 [notice] 1#1: using the "epoll" event method
2021/06/30 21:40:56 [notice] 1#1: nginx/1.21.0
2021/06/30 21:40:56 [notice] 1#1: built by gcc 10.2.1 20201203 (Alpine 10.2.1_pre1) 
2021/06/30 21:40:56 [notice] 1#1: OS: Linux 4.19.121-linuxkit
2021/06/30 21:40:56 [notice] 1#1: getrlimit(RLIMIT_NOFILE): 1048576:1048576
2021/06/30 21:40:56 [notice] 1#1: start worker processes
2021/06/30 21:40:56 [notice] 1#1: start worker process 23
2021/06/30 21:40:56 [notice] 1#1: start worker process 24
2021/06/30 21:40:56 [notice] 1#1: start worker process 25
2021/06/30 21:40:56 [notice] 1#1: start worker process 26
2021/06/30 21:40:56 [notice] 1#1: start worker process 27
2021/06/30 21:40:56 [notice] 1#1: start worker process 28
2021/06/30 21:40:56 [notice] 1#1: start worker process 29
2021/06/30 21:40:56 [notice] 1#1: start worker process 30
2021/06/30 21:53:44 [notice] 1#1: signal 3 (SIGQUIT) received, shutting down
2021/06/30 21:53:44 [notice] 24#24: gracefully shutting down
2021/06/30 21:53:44 [notice] 25#25: gracefully shutting down
2021/06/30 21:53:44 [notice] 30#30: gracefully shutting down
2021/06/30 21:53:44 [notice] 30#30: exiting
2021/06/30 21:53:44 [notice] 23#23: gracefully shutting down
2021/06/30 21:53:44 [notice] 28#28: gracefully shutting down
2021/06/30 21:53:44 [notice] 27#27: gracefully shutting down
2021/06/30 21:53:44 [notice] 27#27: exiting
2021/06/30 21:53:44 [notice] 29#29: gracefully shutting down
2021/06/30 21:53:44 [notice] 29#29: exiting
2021/06/30 21:53:44 [notice] 26#26: gracefully shutting down
2021/06/30 21:53:44 [notice] 26#26: exiting
2021/06/30 21:53:44 [notice] 26#26: exit
2021/06/30 21:53:44 [notice] 24#24: exiting
2021/06/30 21:53:44 [notice] 25#25: exiting
2021/06/30 21:53:44 [notice] 30#30: exit
2021/06/30 21:53:44 [notice] 23#23: exiting
2021/06/30 21:53:44 [notice] 28#28: exiting
2021/06/30 21:53:44 [notice] 27#27: exit
2021/06/30 21:53:44 [notice] 29#29: exit
2021/06/30 21:53:44 [notice] 24#24: exit
2021/06/30 21:53:44 [notice] 25#25: exit
2021/06/30 21:53:44 [notice] 23#23: exit
2021/06/30 21:53:44 [notice] 28#28: exit
2021/06/30 21:53:44 [notice] 1#1: signal 17 (SIGCHLD) received from 26
2021/06/30 21:53:44 [notice] 1#1: worker process 26 exited with code 0
2021/06/30 21:53:44 [notice] 1#1: signal 29 (SIGIO) received
2021/06/30 21:53:44 [notice] 1#1: signal 17 (SIGCHLD) received from 30
2021/06/30 21:53:44 [notice] 1#1: worker process 23 exited with code 0
2021/06/30 21:53:44 [notice] 1#1: worker process 24 exited with code 0
2021/06/30 21:53:44 [notice] 1#1: worker process 25 exited with code 0
2021/06/30 21:53:44 [notice] 1#1: worker process 27 exited with code 0
2021/06/30 21:53:44 [notice] 1#1: worker process 28 exited with code 0
2021/06/30 21:53:44 [notice] 1#1: worker process 29 exited with code 0
2021/06/30 21:53:44 [notice] 1#1: worker process 30 exited with code 0
2021/06/30 21:53:44 [notice] 1#1: signal 17 (SIGCHLD) received from 29
2021/06/30 21:53:44 [notice] 1#1: exit
2021/06/30 22:02:49 [notice] 1#1: using the "epoll" event method
2021/06/30 22:02:49 [notice] 1#1: nginx/1.21.0
2021/06/30 22:02:49 [notice] 1#1: built by gcc 10.2.1 20201203 (Alpine 10.2.1_pre1) 
2021/06/30 22:02:49 [notice] 1#1: OS: Linux 4.19.121-linuxkit
2021/06/30 22:02:49 [notice] 1#1: getrlimit(RLIMIT_NOFILE): 1048576:1048576
2021/06/30 22:02:49 [notice] 1#1: start worker processes
2021/06/30 22:02:49 [notice] 1#1: start worker process 22
2021/06/30 22:02:49 [notice] 1#1: start worker process 23
2021/06/30 22:02:49 [notice] 1#1: start worker process 24
2021/06/30 22:02:49 [notice] 1#1: start worker process 25
2021/06/30 22:02:49 [notice] 1#1: start worker process 26
2021/06/30 22:02:49 [notice] 1#1: start worker process 27
2021/06/30 22:02:49 [notice] 1#1: start worker process 28
2021/06/30 22:02:49 [notice] 1#1: start worker process 29
2021/06/30 22:21:20 [notice] 1#1: signal 3 (SIGQUIT) received, shutting down
2021/06/30 22:21:20 [notice] 24#24: gracefully shutting down
2021/06/30 22:21:20 [notice] 25#25: gracefully shutting down
2021/06/30 22:21:20 [notice] 29#29: gracefully shutting down
2021/06/30 22:21:20 [notice] 26#26: gracefully shutting down
2021/06/30 22:21:20 [notice] 28#28: gracefully shutting down
2021/06/30 22:21:20 [notice] 23#23: gracefully shutting down
2021/06/30 22:21:20 [notice] 23#23: exiting
2021/06/30 22:21:20 [notice] 27#27: gracefully shutting down
2021/06/30 22:21:20 [notice] 22#22: gracefully shutting down
2021/06/30 22:21:20 [notice] 24#24: exiting
2021/06/30 22:21:20 [notice] 25#25: exiting
2021/06/30 22:21:20 [notice] 29#29: exiting
2021/06/30 22:21:20 [notice] 26#26: exiting
2021/06/30 22:21:20 [notice] 28#28: exiting
2021/06/30 22:21:20 [notice] 23#23: exit
2021/06/30 22:21:20 [notice] 27#27: exiting
2021/06/30 22:21:20 [notice] 22#22: exiting
2021/06/30 22:21:20 [notice] 24#24: exit
2021/06/30 22:21:20 [notice] 25#25: exit
2021/06/30 22:21:20 [notice] 29#29: exit
2021/06/30 22:21:20 [notice] 26#26: exit
2021/06/30 22:21:20 [notice] 28#28: exit
2021/06/30 22:21:20 [notice] 27#27: exit
2021/06/30 22:21:20 [notice] 22#22: exit
2021/06/30 22:21:20 [notice] 1#1: signal 17 (SIGCHLD) received from 25
2021/06/30 22:21:20 [notice] 1#1: worker process 23 exited with code 0
2021/06/30 22:21:20 [notice] 1#1: worker process 24 exited with code 0
2021/06/30 22:21:20 [notice] 1#1: worker process 22 exited with code 0
2021/06/30 22:21:20 [notice] 1#1: worker process 25 exited with code 0
2021/06/30 22:21:20 [notice] 1#1: worker process 26 exited with code 0
2021/06/30 22:21:20 [notice] 1#1: worker process 27 exited with code 0
2021/06/30 22:21:20 [notice] 1#1: worker process 28 exited with code 0
2021/06/30 22:21:20 [notice] 1#1: worker process 29 exited with code 0
2021/06/30 22:21:21 [notice] 1#1: exit
2021/06/30 22:22:03 [emerg] 1#1: host not found in upstream "community.test" in /etc/nginx/conf.d/app.conf:56
2021/06/30 22:22:04 [emerg] 1#1: host not found in upstream "community.test" in /etc/nginx/conf.d/app.conf:56
2021/06/30 22:22:05 [emerg] 1#1: host not found in upstream "community.test" in /etc/nginx/conf.d/app.conf:56
2021/06/30 22:22:05 [emerg] 1#1: host not found in upstream "community.test" in /etc/nginx/conf.d/app.conf:56
2021/06/30 22:22:07 [emerg] 1#1: host not found in upstream "community.test" in /etc/nginx/conf.d/app.conf:56
2021/06/30 22:22:09 [emerg] 1#1: host not found in upstream "community.test" in /etc/nginx/conf.d/app.conf:56
2021/06/30 22:22:12 [emerg] 1#1: host not found in upstream "community.test" in /etc/nginx/conf.d/app.conf:56
2021/06/30 22:22:19 [emerg] 1#1: host not found in upstream "community.test" in /etc/nginx/conf.d/app.conf:56
2021/06/30 22:22:33 [emerg] 1#1: host not found in upstream "community.test" in /etc/nginx/conf.d/app.conf:56
2021/06/30 22:22:59 [emerg] 1#1: no "ssl_certificate" is defined for the "listen ... ssl" directive in /etc/nginx/conf.d/app.conf:50
2021/06/30 22:23:50 [emerg] 1#1: no "ssl_certificate" is defined for the "listen ... ssl" directive in /etc/nginx/conf.d/app.conf:50
2021/06/30 22:24:51 [emerg] 1#1: no "ssl_certificate" is defined for the "listen ... ssl" directive in /etc/nginx/conf.d/app.conf:50
2021/06/30 22:36:59 [notice] 1#1: using the "epoll" event method
2021/06/30 22:36:59 [notice] 1#1: nginx/1.21.0
2021/06/30 22:36:59 [notice] 1#1: built by gcc 10.2.1 20201203 (Alpine 10.2.1_pre1) 
2021/06/30 22:36:59 [notice] 1#1: OS: Linux 4.19.121-linuxkit
2021/06/30 22:36:59 [notice] 1#1: getrlimit(RLIMIT_NOFILE): 1048576:1048576
2021/06/30 22:36:59 [notice] 1#1: start worker processes
2021/06/30 22:36:59 [notice] 1#1: start worker process 23
2021/06/30 22:36:59 [notice] 1#1: start worker process 24
2021/06/30 22:36:59 [notice] 1#1: start worker process 25
2021/06/30 22:36:59 [notice] 1#1: start worker process 26
2021/06/30 22:36:59 [notice] 1#1: start worker process 27
2021/06/30 22:36:59 [notice] 1#1: start worker process 28
2021/06/30 22:36:59 [notice] 1#1: start worker process 29
2021/06/30 22:36:59 [notice] 1#1: start worker process 30
2021/06/30 22:47:21 [notice] 1#1: signal 3 (SIGQUIT) received, shutting down
2021/06/30 22:47:21 [notice] 25#25: gracefully shutting down
2021/06/30 22:47:21 [notice] 29#29: gracefully shutting down
2021/06/30 22:47:21 [notice] 29#29: exiting
2021/06/30 22:47:21 [notice] 27#27: gracefully shutting down
2021/06/30 22:47:21 [notice] 26#26: gracefully shutting down
2021/06/30 22:47:21 [notice] 28#28: gracefully shutting down
2021/06/30 22:47:21 [notice] 24#24: gracefully shutting down
2021/06/30 22:47:21 [notice] 24#24: exiting
2021/06/30 22:47:21 [notice] 23#23: gracefully shutting down
2021/06/30 22:47:21 [notice] 24#24: exit
2021/06/30 22:47:21 [notice] 30#30: gracefully shutting down
2021/06/30 22:47:21 [notice] 30#30: exiting
2021/06/30 22:47:21 [notice] 25#25: exiting
2021/06/30 22:47:21 [notice] 29#29: exit
2021/06/30 22:47:21 [notice] 27#27: exiting
2021/06/30 22:47:21 [notice] 26#26: exiting
2021/06/30 22:47:21 [notice] 28#28: exiting
2021/06/30 22:47:21 [notice] 28#28: exit
2021/06/30 22:47:21 [notice] 23#23: exiting
2021/06/30 22:47:21 [notice] 30#30: exit
2021/06/30 22:47:21 [notice] 25#25: exit
2021/06/30 22:47:21 [notice] 27#27: exit
2021/06/30 22:47:21 [notice] 26#26: exit
2021/06/30 22:47:21 [notice] 23#23: exit
2021/06/30 22:47:21 [notice] 1#1: signal 17 (SIGCHLD) received from 24
2021/06/30 22:47:21 [notice] 1#1: worker process 24 exited with code 0
2021/06/30 22:47:21 [notice] 1#1: signal 29 (SIGIO) received
2021/06/30 22:47:21 [notice] 1#1: signal 17 (SIGCHLD) received from 28
2021/06/30 22:47:21 [notice] 1#1: worker process 28 exited with code 0
2021/06/30 22:47:21 [notice] 1#1: worker process 25 exited with code 0
2021/06/30 22:47:21 [notice] 1#1: worker process 23 exited with code 0
2021/06/30 22:47:21 [notice] 1#1: worker process 26 exited with code 0
2021/06/30 22:47:21 [notice] 1#1: worker process 27 exited with code 0
2021/06/30 22:47:21 [notice] 1#1: worker process 29 exited with code 0
2021/06/30 22:47:21 [notice] 1#1: worker process 30 exited with code 0
2021/06/30 22:47:21 [notice] 1#1: exit
2021/06/30 22:48:18 [notice] 1#1: using the "epoll" event method
2021/06/30 22:48:18 [notice] 1#1: nginx/1.21.0
2021/06/30 22:48:18 [notice] 1#1: built by gcc 10.2.1 20201203 (Alpine 10.2.1_pre1) 
2021/06/30 22:48:18 [notice] 1#1: OS: Linux 4.19.121-linuxkit
2021/06/30 22:48:18 [notice] 1#1: getrlimit(RLIMIT_NOFILE): 1048576:1048576
2021/06/30 22:48:18 [notice] 1#1: start worker processes
2021/06/30 22:48:18 [notice] 1#1: start worker process 23
2021/06/30 22:48:18 [notice] 1#1: start worker process 24
2021/06/30 22:48:18 [notice] 1#1: start worker process 25
2021/06/30 22:48:18 [notice] 1#1: start worker process 26
2021/06/30 22:48:18 [notice] 1#1: start worker process 27
2021/06/30 22:48:18 [notice] 1#1: start worker process 28
2021/06/30 22:48:18 [notice] 1#1: start worker process 29
2021/06/30 22:48:18 [notice] 1#1: start worker process 30
2021/06/30 23:04:13 [notice] 1#1: signal 3 (SIGQUIT) received, shutting down
2021/06/30 23:04:13 [notice] 23#23: gracefully shutting down
2021/06/30 23:04:13 [notice] 24#24: gracefully shutting down
2021/06/30 23:04:13 [notice] 26#26: gracefully shutting down
2021/06/30 23:04:13 [notice] 29#29: gracefully shutting down
2021/06/30 23:04:13 [notice] 27#27: gracefully shutting down
2021/06/30 23:04:13 [notice] 25#25: gracefully shutting down
2021/06/30 23:04:13 [notice] 28#28: gracefully shutting down
2021/06/30 23:04:13 [notice] 30#30: gracefully shutting down
2021/06/30 23:04:13 [notice] 23#23: exiting
2021/06/30 23:04:13 [notice] 24#24: exiting
2021/06/30 23:04:13 [notice] 26#26: exiting
2021/06/30 23:04:13 [notice] 29#29: exiting
2021/06/30 23:04:13 [notice] 27#27: exiting
2021/06/30 23:04:13 [notice] 25#25: exiting
2021/06/30 23:04:13 [notice] 28#28: exiting
2021/06/30 23:04:13 [notice] 30#30: exiting
2021/06/30 23:04:13 [notice] 23#23: exit
2021/06/30 23:04:13 [notice] 24#24: exit
2021/06/30 23:04:13 [notice] 26#26: exit
2021/06/30 23:04:13 [notice] 29#29: exit
2021/06/30 23:04:13 [notice] 27#27: exit
2021/06/30 23:04:13 [notice] 25#25: exit
2021/06/30 23:04:13 [notice] 28#28: exit
2021/06/30 23:04:13 [notice] 30#30: exit
2021/06/30 23:04:13 [notice] 1#1: signal 17 (SIGCHLD) received from 24
2021/06/30 23:04:13 [notice] 1#1: worker process 23 exited with code 0
2021/06/30 23:04:13 [notice] 1#1: worker process 24 exited with code 0
2021/06/30 23:04:13 [notice] 1#1: worker process 26 exited with code 0
2021/06/30 23:04:13 [notice] 1#1: worker process 29 exited with code 0
2021/06/30 23:04:13 [notice] 1#1: signal 29 (SIGIO) received
2021/06/30 23:04:13 [notice] 1#1: signal 17 (SIGCHLD) received from 29
2021/06/30 23:04:13 [notice] 1#1: signal 17 (SIGCHLD) received from 27
2021/06/30 23:04:13 [notice] 1#1: worker process 27 exited with code 0
2021/06/30 23:04:13 [notice] 1#1: signal 29 (SIGIO) received
2021/06/30 23:04:13 [notice] 1#1: signal 17 (SIGCHLD) received from 25
2021/06/30 23:04:13 [notice] 1#1: worker process 25 exited with code 0
2021/06/30 23:04:13 [notice] 1#1: worker process 28 exited with code 0
2021/06/30 23:04:13 [notice] 1#1: signal 29 (SIGIO) received
2021/06/30 23:04:13 [notice] 1#1: signal 17 (SIGCHLD) received from 28
2021/06/30 23:04:13 [notice] 1#1: signal 17 (SIGCHLD) received from 30
2021/06/30 23:04:13 [notice] 1#1: worker process 30 exited with code 0
2021/06/30 23:04:13 [notice] 1#1: exit
2021/06/30 23:05:29 [notice] 1#1: using the "epoll" event method
2021/06/30 23:05:29 [notice] 1#1: nginx/1.21.0
2021/06/30 23:05:29 [notice] 1#1: built by gcc 10.2.1 20201203 (Alpine 10.2.1_pre1) 
2021/06/30 23:05:29 [notice] 1#1: OS: Linux 4.19.121-linuxkit
2021/06/30 23:05:29 [notice] 1#1: getrlimit(RLIMIT_NOFILE): 1048576:1048576
2021/06/30 23:05:29 [notice] 1#1: start worker processes
2021/06/30 23:05:29 [notice] 1#1: start worker process 23
2021/06/30 23:05:29 [notice] 1#1: start worker process 24
2021/06/30 23:05:29 [notice] 1#1: start worker process 25
2021/06/30 23:05:29 [notice] 1#1: start worker process 26
2021/06/30 23:05:29 [notice] 1#1: start worker process 27
2021/06/30 23:05:29 [notice] 1#1: start worker process 28
2021/06/30 23:05:29 [notice] 1#1: start worker process 29
2021/06/30 23:05:29 [notice] 1#1: start worker process 30
2021/06/30 23:08:30 [notice] 1#1: signal 3 (SIGQUIT) received, shutting down
2021/06/30 23:08:30 [notice] 24#24: gracefully shutting down
2021/06/30 23:08:30 [notice] 23#23: gracefully shutting down
2021/06/30 23:08:30 [notice] 25#25: gracefully shutting down
2021/06/30 23:08:30 [notice] 26#26: gracefully shutting down
2021/06/30 23:08:30 [notice] 27#27: gracefully shutting down
2021/06/30 23:08:30 [notice] 27#27: exiting
2021/06/30 23:08:30 [notice] 27#27: exit
2021/06/30 23:08:30 [notice] 28#28: gracefully shutting down
2021/06/30 23:08:30 [notice] 30#30: gracefully shutting down
2021/06/30 23:08:30 [notice] 29#29: gracefully shutting down
2021/06/30 23:08:30 [notice] 24#24: exiting
2021/06/30 23:08:30 [notice] 23#23: exiting
2021/06/30 23:08:30 [notice] 25#25: exiting
2021/06/30 23:08:30 [notice] 26#26: exiting
2021/06/30 23:08:30 [notice] 26#26: exit
2021/06/30 23:08:30 [notice] 28#28: exiting
2021/06/30 23:08:30 [notice] 30#30: exiting
2021/06/30 23:08:30 [notice] 29#29: exiting
2021/06/30 23:08:30 [notice] 24#24: exit
2021/06/30 23:08:30 [notice] 23#23: exit
2021/06/30 23:08:30 [notice] 25#25: exit
2021/06/30 23:08:30 [notice] 28#28: exit
2021/06/30 23:08:30 [notice] 30#30: exit
2021/06/30 23:08:30 [notice] 29#29: exit
2021/06/30 23:08:30 [notice] 1#1: signal 17 (SIGCHLD) received from 27
2021/06/30 23:08:30 [notice] 1#1: worker process 27 exited with code 0
2021/06/30 23:08:30 [notice] 1#1: signal 29 (SIGIO) received
2021/06/30 23:08:30 [notice] 1#1: signal 17 (SIGCHLD) received from 24
2021/06/30 23:08:30 [notice] 1#1: worker process 24 exited with code 0
2021/06/30 23:08:30 [notice] 1#1: worker process 25 exited with code 0
2021/06/30 23:08:30 [notice] 1#1: worker process 26 exited with code 0
2021/06/30 23:08:30 [notice] 1#1: signal 17 (SIGCHLD) received from 26
2021/06/30 23:08:30 [notice] 1#1: worker process 23 exited with code 0
2021/06/30 23:08:30 [notice] 1#1: worker process 28 exited with code 0
2021/06/30 23:08:30 [notice] 1#1: signal 17 (SIGCHLD) received from 23
2021/06/30 23:08:30 [notice] 1#1: signal 29 (SIGIO) received
2021/06/30 23:08:30 [notice] 1#1: signal 17 (SIGCHLD) received from 30
2021/06/30 23:08:30 [notice] 1#1: worker process 29 exited with code 0
2021/06/30 23:08:30 [notice] 1#1: worker process 30 exited with code 0
2021/06/30 23:08:30 [notice] 1#1: exit
2021/06/30 23:13:04 [notice] 1#1: using the "epoll" event method
2021/06/30 23:13:04 [notice] 1#1: nginx/1.21.0
2021/06/30 23:13:04 [notice] 1#1: built by gcc 10.2.1 20201203 (Alpine 10.2.1_pre1) 
2021/06/30 23:13:04 [notice] 1#1: OS: Linux 4.19.121-linuxkit
2021/06/30 23:13:04 [notice] 1#1: getrlimit(RLIMIT_NOFILE): 1048576:1048576
2021/06/30 23:13:04 [notice] 1#1: start worker processes
2021/06/30 23:13:04 [notice] 1#1: start worker process 23
2021/06/30 23:13:04 [notice] 1#1: start worker process 24
2021/06/30 23:13:04 [notice] 1#1: start worker process 25
2021/06/30 23:13:04 [notice] 1#1: start worker process 26
2021/06/30 23:13:04 [notice] 1#1: start worker process 27
2021/06/30 23:13:04 [notice] 1#1: start worker process 28
2021/06/30 23:13:04 [notice] 1#1: start worker process 29
2021/06/30 23:13:04 [notice] 1#1: start worker process 30
2021/07/03 14:57:22 [notice] 1#1: signal 3 (SIGQUIT) received, shutting down
2021/07/03 14:57:22 [notice] 24#24: gracefully shutting down
2021/07/03 14:57:22 [notice] 23#23: gracefully shutting down
2021/07/03 14:57:22 [notice] 25#25: gracefully shutting down
2021/07/03 14:57:22 [notice] 26#26: gracefully shutting down
2021/07/03 14:57:22 [notice] 29#29: gracefully shutting down
2021/07/03 14:57:22 [notice] 28#28: gracefully shutting down
2021/07/03 14:57:22 [notice] 30#30: gracefully shutting down
2021/07/03 14:57:22 [notice] 27#27: gracefully shutting down
2021/07/03 14:57:22 [notice] 23#23: exiting
2021/07/03 14:57:22 [notice] 24#24: exiting
2021/07/03 14:57:22 [notice] 24#24: exit
2021/07/03 14:57:22 [notice] 25#25: exiting
2021/07/03 14:57:22 [notice] 23#23: exit
2021/07/03 14:57:22 [notice] 26#26: exiting
2021/07/03 14:57:22 [notice] 25#25: exit
2021/07/03 14:57:22 [notice] 29#29: exiting
2021/07/03 14:57:22 [notice] 26#26: exit
2021/07/03 14:57:22 [notice] 28#28: exiting
2021/07/03 14:57:22 [notice] 27#27: exiting
2021/07/03 14:57:22 [notice] 29#29: exit
2021/07/03 14:57:22 [notice] 28#28: exit
2021/07/03 14:57:22 [notice] 27#27: exit
2021/07/03 14:57:22 [notice] 30#30: exiting
2021/07/03 14:57:22 [notice] 30#30: exit
2021/07/03 14:57:23 [notice] 1#1: signal 17 (SIGCHLD) received from 27
2021/07/03 14:57:23 [notice] 1#1: worker process 23 exited with code 0
2021/07/03 14:57:23 [notice] 1#1: worker process 25 exited with code 0
2021/07/03 14:57:23 [notice] 1#1: worker process 24 exited with code 0
2021/07/03 14:57:23 [notice] 1#1: worker process 26 exited with code 0
2021/07/03 14:57:23 [notice] 1#1: worker process 27 exited with code 0
2021/07/03 14:57:23 [notice] 1#1: worker process 29 exited with code 0
2021/07/03 14:57:23 [notice] 1#1: worker process 30 exited with code 0
2021/07/03 14:57:23 [notice] 1#1: signal 29 (SIGIO) received
2021/07/03 14:57:23 [notice] 1#1: signal 17 (SIGCHLD) received from 23
2021/07/03 14:57:23 [notice] 1#1: signal 17 (SIGCHLD) received from 28
2021/07/03 14:57:23 [notice] 1#1: worker process 28 exited with code 0
2021/07/03 14:57:23 [notice] 1#1: exit
2021/07/03 14:57:46 [notice] 1#1: using the "epoll" event method
2021/07/03 14:57:46 [notice] 1#1: nginx/1.21.0
2021/07/03 14:57:46 [notice] 1#1: built by gcc 10.2.1 20201203 (Alpine 10.2.1_pre1) 
2021/07/03 14:57:46 [notice] 1#1: OS: Linux 4.19.121-linuxkit
2021/07/03 14:57:46 [notice] 1#1: getrlimit(RLIMIT_NOFILE): 1048576:1048576
2021/07/03 14:57:46 [notice] 1#1: start worker processes
2021/07/03 14:57:46 [notice] 1#1: start worker process 23
2021/07/03 14:57:46 [notice] 1#1: start worker process 24
2021/07/03 14:57:46 [notice] 1#1: start worker process 25
2021/07/03 14:57:46 [notice] 1#1: start worker process 26
2021/07/03 14:57:46 [notice] 1#1: start worker process 27
2021/07/03 14:57:46 [notice] 1#1: start worker process 28
2021/07/03 14:57:46 [notice] 1#1: start worker process 29
2021/07/03 14:57:46 [notice] 1#1: start worker process 30
2021/07/03 15:06:13 [notice] 1#1: signal 3 (SIGQUIT) received, shutting down
2021/07/03 15:06:13 [notice] 23#23: gracefully shutting down
2021/07/03 15:06:13 [notice] 25#25: gracefully shutting down
2021/07/03 15:06:13 [notice] 24#24: gracefully shutting down
2021/07/03 15:06:13 [notice] 26#26: gracefully shutting down
2021/07/03 15:06:13 [notice] 28#28: gracefully shutting down
2021/07/03 15:06:13 [notice] 27#27: gracefully shutting down
2021/07/03 15:06:13 [notice] 27#27: exiting
2021/07/03 15:06:13 [notice] 23#23: exiting
2021/07/03 15:06:13 [notice] 29#29: gracefully shutting down
2021/07/03 15:06:13 [notice] 29#29: exiting
2021/07/03 15:06:13 [notice] 30#30: gracefully shutting down
2021/07/03 15:06:13 [notice] 24#24: exiting
2021/07/03 15:06:13 [notice] 25#25: exiting
2021/07/03 15:06:13 [notice] 26#26: exiting
2021/07/03 15:06:13 [notice] 28#28: exiting
2021/07/03 15:06:13 [notice] 27#27: exit
2021/07/03 15:06:13 [notice] 23#23: exit
2021/07/03 15:06:13 [notice] 29#29: exit
2021/07/03 15:06:13 [notice] 30#30: exiting
2021/07/03 15:06:13 [notice] 24#24: exit
2021/07/03 15:06:13 [notice] 25#25: exit
2021/07/03 15:06:13 [notice] 26#26: exit
2021/07/03 15:06:13 [notice] 28#28: exit
2021/07/03 15:06:13 [notice] 30#30: exit
2021/07/03 15:06:14 [notice] 1#1: signal 17 (SIGCHLD) received from 27
2021/07/03 15:06:14 [notice] 1#1: worker process 23 exited with code 0
2021/07/03 15:06:14 [notice] 1#1: worker process 24 exited with code 0
2021/07/03 15:06:14 [notice] 1#1: worker process 25 exited with code 0
2021/07/03 15:06:14 [notice] 1#1: worker process 26 exited with code 0
2021/07/03 15:06:14 [notice] 1#1: worker process 27 exited with code 0
2021/07/03 15:06:14 [notice] 1#1: worker process 28 exited with code 0
2021/07/03 15:06:14 [notice] 1#1: worker process 29 exited with code 0
2021/07/03 15:06:14 [notice] 1#1: worker process 30 exited with code 0
2021/07/03 15:06:14 [notice] 1#1: exit
2021/07/03 15:07:31 [notice] 1#1: using the "epoll" event method
2021/07/03 15:07:31 [notice] 1#1: nginx/1.21.0
2021/07/03 15:07:31 [notice] 1#1: built by gcc 10.2.1 20201203 (Alpine 10.2.1_pre1) 
2021/07/03 15:07:31 [notice] 1#1: OS: Linux 4.19.121-linuxkit
2021/07/03 15:07:31 [notice] 1#1: getrlimit(RLIMIT_NOFILE): 1048576:1048576
2021/07/03 15:07:31 [notice] 1#1: start worker processes
2021/07/03 15:07:31 [notice] 1#1: start worker process 23
2021/07/03 15:07:31 [notice] 1#1: start worker process 24
2021/07/03 15:07:31 [notice] 1#1: start worker process 25
2021/07/03 15:07:31 [notice] 1#1: start worker process 26
2021/07/03 15:07:31 [notice] 1#1: start worker process 27
2021/07/03 15:07:31 [notice] 1#1: start worker process 28
2021/07/03 15:07:31 [notice] 1#1: start worker process 29
2021/07/03 15:07:31 [notice] 1#1: start worker process 30
2021/07/03 16:18:47 [notice] 1#1: signal 3 (SIGQUIT) received, shutting down
2021/07/03 16:18:47 [notice] 23#23: gracefully shutting down
2021/07/03 16:18:47 [notice] 24#24: gracefully shutting down
2021/07/03 16:18:47 [notice] 27#27: gracefully shutting down
2021/07/03 16:18:47 [notice] 25#25: gracefully shutting down
2021/07/03 16:18:47 [notice] 28#28: gracefully shutting down
2021/07/03 16:18:47 [notice] 30#30: gracefully shutting down
2021/07/03 16:18:47 [notice] 29#29: gracefully shutting down
2021/07/03 16:18:47 [notice] 26#26: gracefully shutting down
2021/07/03 16:18:47 [notice] 28#28: exiting
2021/07/03 16:18:47 [notice] 24#24: exiting
2021/07/03 16:18:47 [notice] 27#27: exiting
2021/07/03 16:18:47 [notice] 25#25: exiting
2021/07/03 16:18:47 [notice] 29#29: exiting
2021/07/03 16:18:47 [notice] 30#30: exiting
2021/07/03 16:18:47 [notice] 24#24: exit
2021/07/03 16:18:47 [notice] 26#26: exiting
2021/07/03 16:18:47 [notice] 28#28: exit
2021/07/03 16:18:47 [notice] 27#27: exit
2021/07/03 16:18:47 [notice] 25#25: exit
2021/07/03 16:18:47 [notice] 29#29: exit
2021/07/03 16:18:47 [notice] 26#26: exit
2021/07/03 16:18:47 [notice] 30#30: exit
2021/07/03 16:18:47 [notice] 1#1: signal 17 (SIGCHLD) received from 25
2021/07/03 16:18:47 [notice] 1#1: worker process 25 exited with code 0
2021/07/03 16:18:47 [notice] 1#1: worker process 24 exited with code 0
2021/07/03 16:18:47 [notice] 1#1: worker process 26 exited with code 0
2021/07/03 16:18:47 [notice] 1#1: worker process 27 exited with code 0
2021/07/03 16:18:47 [notice] 1#1: worker process 28 exited with code 0
2021/07/03 16:18:47 [notice] 1#1: worker process 29 exited with code 0
2021/07/03 16:18:47 [notice] 1#1: worker process 30 exited with code 0
2021/07/03 16:18:47 [notice] 1#1: signal 29 (SIGIO) received
2021/07/03 16:18:47 [notice] 1#1: signal 17 (SIGCHLD) received from 26
2021/07/03 16:19:06 [notice] 1#1: using the "epoll" event method
2021/07/03 16:19:06 [notice] 1#1: nginx/1.21.0
2021/07/03 16:19:06 [notice] 1#1: built by gcc 10.2.1 20201203 (Alpine 10.2.1_pre1) 
2021/07/03 16:19:06 [notice] 1#1: OS: Linux 4.19.121-linuxkit
2021/07/03 16:19:06 [notice] 1#1: getrlimit(RLIMIT_NOFILE): 1048576:1048576
2021/07/03 16:19:06 [notice] 1#1: start worker processes
2021/07/03 16:19:06 [notice] 1#1: start worker process 22
2021/07/03 16:19:06 [notice] 1#1: start worker process 23
2021/07/03 16:19:06 [notice] 1#1: start worker process 24
2021/07/03 16:19:06 [notice] 1#1: start worker process 25
2021/07/03 16:19:06 [notice] 1#1: start worker process 26
2021/07/03 16:19:06 [notice] 1#1: start worker process 27
2021/07/03 16:19:06 [notice] 1#1: start worker process 28
2021/07/03 16:19:06 [notice] 1#1: start worker process 29
